c:\users\wangj\desktop\project4-2.0\project4\mockchannel\debug\vc140.pdb
c:\users\wangj\desktop\project4-2.0\project4\mockchannel\debug\vc140.idb
c:\users\wangj\desktop\project4-2.0\project4\mockchannel\debug\client.obj
c:\users\wangj\desktop\project4-2.0\project4\mockchannel\debug\filesystem.obj
c:\users\wangj\desktop\project4-2.0\project4\mockchannel\debug\httpmessage.obj
c:\users\wangj\desktop\project4-2.0\project4\mockchannel\debug\logger.obj
c:\users\wangj\desktop\project4-2.0\project4\mockchannel\debug\sockets.obj
c:\users\wangj\desktop\project4-2.0\project4\mockchannel\debug\utilities.obj
c:\users\wangj\desktop\project4-2.0\project4\mockchannel\debug\cpp11-blockingqueue.obj
c:\users\wangj\desktop\project4-2.0\project4\mockchannel\debug\mockchannel.obj
c:\users\wangj\desktop\project4-2.0\project4\debug\mockchannel.ilk
c:\users\wangj\desktop\project4-2.0\project4\debug\mockchannel.dll
c:\users\wangj\desktop\project4-2.0\project4\debug\mockchannel.pdb
c:\users\wangj\desktop\project4-2.0\project4\debug\mockchannel.lib
c:\users\wangj\desktop\project4-2.0\project4\debug\mockchannel.exp
c:\users\wangj\desktop\project4-2.0\project4\mockchannel\debug\mockchannel.tlog\cl.command.1.tlog
c:\users\wangj\desktop\project4-2.0\project4\mockchannel\debug\mockchannel.tlog\cl.read.1.tlog
c:\users\wangj\desktop\project4-2.0\project4\mockchannel\debug\mockchannel.tlog\cl.write.1.tlog
c:\users\wangj\desktop\project4-2.0\project4\mockchannel\debug\mockchannel.tlog\link.command.1.tlog
c:\users\wangj\desktop\project4-2.0\project4\mockchannel\debug\mockchannel.tlog\link.read.1.tlog
c:\users\wangj\desktop\project4-2.0\project4\mockchannel\debug\mockchannel.tlog\link.write.1.tlog
c:\users\wangj\desktop\project4-2.0\project4\mockchannel\debug\mockchannel.tlog\mockchannel.write.1u.tlog
