c:\users\wangj\desktop\project4-2.0\project4\codeanalyze\debug\codeanalyze.pdb
c:\users\wangj\desktop\project4-2.0\project4\codeanalyze\debug\codeanalyze.idb
c:\users\wangj\desktop\project4-2.0\project4\codeanalyze\debug\abstrsyntree.obj
c:\users\wangj\desktop\project4-2.0\project4\codeanalyze\debug\actionandrules.obj
c:\users\wangj\desktop\project4-2.0\project4\codeanalyze\debug\configureparser.obj
c:\users\wangj\desktop\project4-2.0\project4\codeanalyze\debug\filemgr.obj
c:\users\wangj\desktop\project4-2.0\project4\codeanalyze\debug\filesystem.obj
c:\users\wangj\desktop\project4-2.0\project4\codeanalyze\debug\grammarhelpers.obj
c:\users\wangj\desktop\project4-2.0\project4\codeanalyze\debug\logger.obj
c:\users\wangj\desktop\project4-2.0\project4\codeanalyze\debug\parser.obj
c:\users\wangj\desktop\project4-2.0\project4\codeanalyze\debug\scopestack.obj
c:\users\wangj\desktop\project4-2.0\project4\codeanalyze\debug\semiexp.obj
c:\users\wangj\desktop\project4-2.0\project4\codeanalyze\debug\tokenizer.obj
c:\users\wangj\desktop\project4-2.0\project4\codeanalyze\debug\utilities.obj
c:\users\wangj\desktop\project4-2.0\project4\debug\codeanalyze.lib
c:\users\wangj\desktop\project4-2.0\project4\debug\codeanalyze.pdb
c:\users\wangj\desktop\project4-2.0\project4\codeanalyze\debug\codeanalyze.tlog\cl.command.1.tlog
c:\users\wangj\desktop\project4-2.0\project4\codeanalyze\debug\codeanalyze.tlog\cl.read.1.tlog
c:\users\wangj\desktop\project4-2.0\project4\codeanalyze\debug\codeanalyze.tlog\cl.write.1.tlog
c:\users\wangj\desktop\project4-2.0\project4\codeanalyze\debug\codeanalyze.tlog\lib-link.read.1.tlog
c:\users\wangj\desktop\project4-2.0\project4\codeanalyze\debug\codeanalyze.tlog\lib-link.write.1.tlog
c:\users\wangj\desktop\project4-2.0\project4\codeanalyze\debug\codeanalyze.tlog\lib.command.1.tlog
